<?xml version="1.0" encoding="UTF-8" ?>
<testsuite errors="0" failures="0" hostname="host-78-65-194-226.homerun.telia.com" name="de.dfki.lt.tr.dialmanagement.utils.FormulaUtilsTest" tests="13" time="0.28" timestamp="2010-07-16T11:14:05">
  <properties>
    <property name="java.vendor" value="Apple Inc." />
    <property name="sun.java.launcher" value="SUN_STANDARD" />
    <property name="jikes.class.path" value=":/System/Library/Frameworks/JavaVM.framework/Home/../Classes/alt-rt.jar:/System/Library/Frameworks/JavaVM.framework/Home/../Classes/charsets.jar:/System/Library/Frameworks/JavaVM.framework/Home/../Classes/classes.jar:/System/Library/Frameworks/JavaVM.framework/Home/../Classes/dt.jar:/System/Library/Frameworks/JavaVM.framework/Home/../Classes/jce.jar:/System/Library/Frameworks/JavaVM.framework/Home/../Classes/jconsole.jar:/System/Library/Frameworks/JavaVM.framework/Home/../Classes/jsse.jar:/System/Library/Frameworks/JavaVM.framework/Home/../Classes/laf.jar:/System/Library/Frameworks/JavaVM.framework/Home/../Classes/management-agent.jar:/System/Library/Frameworks/JavaVM.framework/Home/../Classes/ui.jar" />
    <property name="sun.management.compiler" value="HotSpot 64-Bit Server Compiler" />
    <property name="ant.file.dialogue api v6.0" value="/Users/plison/talkingrobots/branches/api-dialogue.v60/apis/dialogue/build.xml" />
    <property name="build.sysclasspath" value="last" />
    <property name="os.name" value="Mac OS X" />
    <property name="sun.boot.class.path" value="/System/Library/Frameworks/JavaVM.framework/Versions/1.6.0/Classes/jsfd.jar:/System/Library/Frameworks/JavaVM.framework/Versions/1.6.0/Classes/classes.jar:/System/Library/Frameworks/JavaVM.framework/Frameworks/JavaRuntimeSupport.framework/Resources/Java/JavaRuntimeSupport.jar:/System/Library/Frameworks/JavaVM.framework/Versions/1.6.0/Classes/ui.jar:/System/Library/Frameworks/JavaVM.framework/Versions/1.6.0/Classes/laf.jar:/System/Library/Frameworks/JavaVM.framework/Versions/1.6.0/Classes/sunrsasign.jar:/System/Library/Frameworks/JavaVM.framework/Versions/1.6.0/Classes/jsse.jar:/System/Library/Frameworks/JavaVM.framework/Versions/1.6.0/Classes/jce.jar:/System/Library/Frameworks/JavaVM.framework/Versions/1.6.0/Classes/charsets.jar" />
    <property name="src.doc" value="doc/src" />
    <property name="junit.data" value="reports/junit/data" />
    <property name="java.vm.specification.vendor" value="Sun Microsystems Inc." />
    <property name="ant.home" value="/opt/local/share/java/apache-ant" />
    <property name="jar.dir" value="../../jar" />
    <property name="java.runtime.version" value="1.6.0_17-b04-248-10M3025" />
    <property name="api-inference.jar" value="../../../api-inference.v01/jar/inference-v01.jar" />
    <property name="user.name" value="plison" />
    <property name="projectroot.dir" value="/Users/plison/talkingrobots/branches/api-dialogue.v60" />
    <property name="debug" value="true" />
    <property name="awt.nativeDoubleBuffering" value="true" />
    <property name="user.language" value="de" />
    <property name="ice.jar" value="/usr/share/java/Ice.jar" />
    <property name="sun.boot.library.path" value="/System/Library/Frameworks/JavaVM.framework/Versions/1.6.0/Libraries" />
    <property name="ant.project.name" value="dialogue api v6.0" />
    <property name="java.version" value="1.6.0_17" />
    <property name="user.timezone" value="" />
    <property name="sun.arch.data.model" value="64" />
    <property name="http.nonProxyHosts" value="local|*.local|169.254/16|*.169.254/16" />
    <property name="java.endorsed.dirs" value="/System/Library/Frameworks/JavaVM.framework/Versions/1.6.0/Home/lib/endorsed" />
    <property name="sun.cpu.isalist" value="" />
    <property name="sun.jnu.encoding" value="MacRoman" />
    <property name="file.encoding.pkg" value="sun.io" />
    <property name="file.separator" value="/" />
    <property name="java.specification.name" value="Java Platform API Specification" />
    <property name="java.class.version" value="50.0" />
    <property name="user.country" value="DE" />
    <property name="java.home" value="/System/Library/Frameworks/JavaVM.framework/Versions/1.6.0/Home" />
    <property name="java.vm.info" value="mixed mode" />
    <property name="ant.file" value="/Users/plison/talkingrobots/branches/api-dialogue.v60/apis/dialogue/build.xml" />
    <property name="os.version" value="10.6.2" />
    <property name="slice.dir" value="src/slice" />
    <property name="path.separator" value=":" />
    <property name="java.vm.version" value="14.3-b01-101" />
    <property name="ant.library.dir" value="/opt/local/share/java/apache-ant/lib" />
    <property name="output.dir" value="../../output/classes" />
    <property name="java.awt.printerjob" value="apple.awt.CPrinterJob" />
    <property name="sun.io.unicode.encoding" value="UnicodeLittle" />
    <property name="awt.toolkit" value="apple.awt.CToolkit" />
    <property name="socksNonProxyHosts" value="local|*.local|169.254/16|*.169.254/16" />
    <property name="ftp.nonProxyHosts" value="local|*.local|169.254/16|*.169.254/16" />
    <property name="ant.file.dialogue api main" value="/Users/plison/talkingrobots/branches/api-dialogue.v60/build.xml" />
    <property name="user.home" value="/Users/plison" />
    <property name="target" value="test" />
    <property name="java.specification.vendor" value="Sun Microsystems Inc." />
    <property name="test.dir" value="./test/java" />
    <property name="java.library.path" value=".:/Library/Java/Extensions:/System/Library/Java/Extensions:/usr/lib/java" />
    <property name="java.vendor.url" value="http://www.apple.com/" />
    <property name="java.vm.vendor" value="Apple Inc." />
    <property name="gopherProxySet" value="false" />
    <property name="java.runtime.name" value="Java(TM) SE Runtime Environment" />
    <property name="java.class.path" value="/Users/plison/talkingrobots/branches/api-inference.v01/jar/inference-v01.jar:/opt/local/share/java/Ice.jar:/opt/local/share/java/ant-ice.jar:/usr/local/share/java/cast.jar:/opt/local/share/java/jakarta-log4j.jar:/Users/plison/talkingrobots/branches/api-dialogue.v60/output/classes:/opt/local/share/java/apache-ant/lib/ant-launcher.jar:/opt/local/share/java/apache-ant/lib/ant.jar:/opt/local/share/java/apache-ant/lib/ant-junit.jar:/opt/local/share/java/apache-ant/lib/ant-antlr.jar:/opt/local/share/java/apache-ant/lib/ant-apache-bcel.jar:/opt/local/share/java/apache-ant/lib/ant-apache-bsf.jar:/opt/local/share/java/apache-ant/lib/ant-apache-log4j.jar:/opt/local/share/java/apache-ant/lib/ant-apache-oro.jar:/opt/local/share/java/apache-ant/lib/ant-apache-regexp.jar:/opt/local/share/java/apache-ant/lib/ant-apache-resolver.jar:/opt/local/share/java/apache-ant/lib/ant-commons-logging.jar:/opt/local/share/java/apache-ant/lib/ant-commons-net.jar:/opt/local/share/java/apache-ant/lib/ant-jai.jar:/opt/local/share/java/apache-ant/lib/ant-javamail.jar:/opt/local/share/java/apache-ant/lib/ant-jdepend.jar:/opt/local/share/java/apache-ant/lib/ant-jmf.jar:/opt/local/share/java/apache-ant/lib/ant-jsch.jar:/opt/local/share/java/apache-ant/lib/ant-netrexx.jar:/opt/local/share/java/apache-ant/lib/ant-nodeps.jar:/opt/local/share/java/apache-ant/lib/ant-starteam.jar:/opt/local/share/java/apache-ant/lib/ant-stylebook.jar:/opt/local/share/java/apache-ant/lib/ant-swing.jar:/opt/local/share/java/apache-ant/lib/ant-testutil.jar:/opt/local/share/java/apache-ant/lib/ant-trax.jar:/opt/local/share/java/apache-ant/lib/ant-weblogic.jar:/opt/local/share/java/apache-ant/lib/xercesImpl.jar:/opt/local/share/java/apache-ant/lib/xml-apis.jar" />
    <property name="ant.version" value="Apache Ant version 1.7.1 compiled on June 27 2008" />
    <property name="junit.html" value="reports/junit/html" />
    <property name="java.vm.specification.name" value="Java Virtual Machine Specification" />
    <property name="test.doc" value="doc/test" />
    <property name="java.vm.specification.version" value="1.0" />
    <property name="junit.jar" value="/usr/share/java/junit.jar" />
    <property name="sun.cpu.endian" value="little" />
    <property name="sun.os.patch.level" value="unknown" />
    <property name="java.io.tmpdir" value="/var/folders/yO/yORFe7zMHgeU6rtjyWlcMU+++TI/-Tmp-/" />
    <property name="java.vendor.url.bug" value="http://bugreport.apple.com/" />
    <property name="mrj.build" value="10M3025" />
    <property name="os.arch" value="x86_64" />
    <property name="java.awt.graphicsenv" value="apple.awt.CGraphicsEnvironment" />
    <property name="java.ext.dirs" value="/Library/Java/Extensions:/System/Library/Java/Extensions:/System/Library/Frameworks/JavaVM.framework/Versions/1.6.0/Home/lib/ext" />
    <property name="user.dir" value="/Users/plison/talkingrobots/branches/api-dialogue.v60" />
    <property name="mrj.version" value="1060.1.6.0_17-248" />
    <property name="line.separator" value="
" />
    <property name="java.vm.name" value="Java HotSpot(TM) 64-Bit Server VM" />
    <property name="basedir" value="/Users/plison/talkingrobots/branches/api-dialogue.v60/apis/dialogue" />
    <property name="ant.java.version" value="1.6" />
    <property name="ant.core.lib" value="/opt/local/share/java/apache-ant/lib/ant.jar" />
    <property name="file.encoding" value="MacRoman" />
    <property name="java.specification.version" value="1.6" />
    <property name="generated.dir" value="src-generated/java" />
    <property name="src.dir" value="./src/java" />
  </properties>
  <testcase classname="de.dfki.lt.tr.dialmanagement.utils.FormulaUtilsTest" name="simpleDisjFormula" time="0.022" />
  <testcase classname="de.dfki.lt.tr.dialmanagement.utils.FormulaUtilsTest" name="simpleConjFormula" time="0.0030" />
  <testcase classname="de.dfki.lt.tr.dialmanagement.utils.FormulaUtilsTest" name="simpleElementaryFormula" time="0.0050" />
  <testcase classname="de.dfki.lt.tr.dialmanagement.utils.FormulaUtilsTest" name="simpleElementaryFormula2" time="0.0050" />
  <testcase classname="de.dfki.lt.tr.dialmanagement.utils.FormulaUtilsTest" name="embeddedFormula" time="0.0030" />
  <testcase classname="de.dfki.lt.tr.dialmanagement.utils.FormulaUtilsTest" name="simpleModalFormula" time="0.0050" />
  <testcase classname="de.dfki.lt.tr.dialmanagement.utils.FormulaUtilsTest" name="simpleModalFormula2" time="0.0030" />
  <testcase classname="de.dfki.lt.tr.dialmanagement.utils.FormulaUtilsTest" name="complexFormula" time="0.0030" />
  <testcase classname="de.dfki.lt.tr.dialmanagement.utils.FormulaUtilsTest" name="brackettedFormula" time="0.0060" />
  <testcase classname="de.dfki.lt.tr.dialmanagement.utils.FormulaUtilsTest" name="negatedFormula" time="0.0040" />
  <testcase classname="de.dfki.lt.tr.dialmanagement.utils.FormulaUtilsTest" name="intFormula" time="0.0030" />
  <testcase classname="de.dfki.lt.tr.dialmanagement.utils.FormulaUtilsTest" name="floatFormula" time="0.0030" />
  <testcase classname="de.dfki.lt.tr.dialmanagement.utils.FormulaUtilsTest" name="booleanFormula" time="0.0030" />
  <system-out><![CDATA[STRING TO PROCESS: blabla v bloblo v blibli
STRING TO PROCESS: blabla ^ bloblo ^ blibli
de.dfki.lt.tr.beliefs.slice.logicalcontent.ComplexFormula
STRING TO PROCESS:  " blabla bla bli blou " 
STRING TO PROCESS: blabla bla bli blou BLO
STRING TO PROCESS: blabla v  ( blibli ^ blo ^ bla )  v blibli
STRING TO PROCESS:  < op >  blabla
STRING TO PROCESS:  < op >   ( blabla ^ bloblo ) 
STRING TO PROCESS: prop1 ^  < op1 >   ( prop2 ^  < op2 >  prop3 )  ^ prop4
STRING TO PROCESS:  ( prop1 ^ prop2 ) 
STRING TO PROCESS: !  ( prop1 ^ prop2 ) 
STRING TO PROCESS: 34
STRING TO PROCESS: 0.36f
0.36
STRING TO PROCESS: false
]]></system-out>
  <system-err><![CDATA[de.dfki.lt.tr.dialmanagement.utils.formulaParser.ParseException: Encountered "bla" at line 1, column 8.
Was expecting one of:
    <EOF> 
    "^" ...
    "v" ...
    
	at de.dfki.lt.tr.dialmanagement.utils.formulaParser.FormulaParser.generateParseException(FormulaParser.java:722)
	at de.dfki.lt.tr.dialmanagement.utils.formulaParser.FormulaParser.jj_consume_token(FormulaParser.java:605)
	at de.dfki.lt.tr.dialmanagement.utils.formulaParser.FormulaParser.Input(FormulaParser.java:212)
	at de.dfki.lt.tr.dialmanagement.utils.FormulaUtils.getFormulaFromString(FormulaUtils.java:101)
	at de.dfki.lt.tr.dialmanagement.utils.FormulaUtils.constructFormula(FormulaUtils.java:71)
	at de.dfki.lt.tr.dialmanagement.utils.FormulaUtilsTest.simpleElementaryFormula2(FormulaUtilsTest.java:93)
	at sun.reflect.NativeMethodAccessorImpl.invoke0(Native Method)
	at sun.reflect.NativeMethodAccessorImpl.invoke(NativeMethodAccessorImpl.java:39)
	at sun.reflect.DelegatingMethodAccessorImpl.invoke(DelegatingMethodAccessorImpl.java:25)
	at java.lang.reflect.Method.invoke(Method.java:597)
	at org.junit.internal.runners.TestMethod.invoke(TestMethod.java:59)
	at org.junit.internal.runners.MethodRoadie.runTestMethod(MethodRoadie.java:98)
	at org.junit.internal.runners.MethodRoadie$2.run(MethodRoadie.java:79)
	at org.junit.internal.runners.MethodRoadie.runBeforesThenTestThenAfters(MethodRoadie.java:87)
	at org.junit.internal.runners.MethodRoadie.runTest(MethodRoadie.java:77)
	at org.junit.internal.runners.MethodRoadie.run(MethodRoadie.java:42)
	at org.junit.internal.runners.JUnit4ClassRunner.invokeTestMethod(JUnit4ClassRunner.java:88)
	at org.junit.internal.runners.JUnit4ClassRunner.runMethods(JUnit4ClassRunner.java:51)
	at org.junit.internal.runners.JUnit4ClassRunner$1.run(JUnit4ClassRunner.java:44)
	at org.junit.internal.runners.ClassRoadie.runUnprotected(ClassRoadie.java:27)
	at org.junit.internal.runners.ClassRoadie.runProtected(ClassRoadie.java:37)
	at org.junit.internal.runners.JUnit4ClassRunner.run(JUnit4ClassRunner.java:42)
	at junit.framework.JUnit4TestAdapter.run(JUnit4TestAdapter.java:36)
	at org.apache.tools.ant.taskdefs.optional.junit.JUnitTestRunner.run(JUnitTestRunner.java:420)
	at org.apache.tools.ant.taskdefs.optional.junit.JUnitTestRunner.launch(JUnitTestRunner.java:911)
	at org.apache.tools.ant.taskdefs.optional.junit.JUnitTestRunner.main(JUnitTestRunner.java:768)
]]></system-err>
</testsuite>
